<?xml version="1.0" encoding="UTF-8"?>
<!-- Generated by org.testng.reporters.JUnitXMLReporter -->
<testsuite hostname="JAVED" name="Default test" tests="3" failures="0" timestamp="2 Nov 2019 16:18:07 GMT" time="27.784" errors="0">
  <testcase name="TestCase1" time="9.448" classname="ClickAcademyPackage.CallerClass"/>
  <testcase name="TestCase2" time="1.912" classname="ClickAcademyPackage.CallerClass"/>
  <testcase name="TestCase3" time="8.508" classname="ClickAcademyPackage.CallerClass"/>
</testsuite> <!-- Default test -->
