<?xml version="1.0" encoding="UTF-8"?>
<!-- Generated by org.testng.reporters.JUnitXMLReporter -->
<testsuite hostname="JAVED" ignored="0" name="Test" tests="3" failures="0" timestamp="2019-11-02T12:24:59 EDT" time="37.961" errors="0">
  <testcase name="TestCase1" time="18.052" classname="ClickAcademyPackage.CallerClass"/>
  <testcase name="TestCase2" time="2.575" classname="ClickAcademyPackage.CallerClass"/>
  <testcase name="TestCase3" time="9.948" classname="ClickAcademyPackage.CallerClass"/>
</testsuite> <!-- Test -->
